C:\USERS\VADI\DOCUMENTS\VISUAL STUDIO 2010\PROJECTS\HISTORICALDOCUMENTSANALYSIS\DOCUMENTSANALYSISGUI.EXE
C:\USERS\VADI\DOCUMENTS\VISUAL STUDIO 2010\PROJECTS\HISTORICALDOCUMENTSANALYSIS\DOCUMENTSANALYSISGUI.ILK
C:\USERS\VADI\DOCUMENTS\VISUAL STUDIO 2010\PROJECTS\HISTORICALDOCUMENTSANALYSIS\DOCUMENTSANALYSISGUI.PDB
C:\Users\Vadi\Documents\Visual Studio 2010\Projects\HistoricalDocumentsAnalysis\DocumentsAnalysisGUI\Debug\cl.command.1.tlog
C:\Users\Vadi\Documents\Visual Studio 2010\Projects\HistoricalDocumentsAnalysis\DocumentsAnalysisGUI\Debug\CL.read.1.tlog
C:\Users\Vadi\Documents\Visual Studio 2010\Projects\HistoricalDocumentsAnalysis\DocumentsAnalysisGUI\Debug\CL.write.1.tlog
C:\Users\Vadi\Documents\Visual Studio 2010\Projects\HistoricalDocumentsAnalysis\DocumentsAnalysisGUI\Debug\custombuild.command.1.tlog
C:\Users\Vadi\Documents\Visual Studio 2010\Projects\HistoricalDocumentsAnalysis\DocumentsAnalysisGUI\Debug\custombuild.read.1.tlog
C:\Users\Vadi\Documents\Visual Studio 2010\Projects\HistoricalDocumentsAnalysis\DocumentsAnalysisGUI\Debug\custombuild.write.1.tlog
C:\USERS\VADI\DOCUMENTS\VISUAL STUDIO 2010\PROJECTS\HISTORICALDOCUMENTSANALYSIS\DOCUMENTSANALYSISGUI\DEBUG\DOCUMENTSANALYSISGUI.EXE.INTERMEDIATE.MANIFEST
C:\USERS\VADI\DOCUMENTS\VISUAL STUDIO 2010\PROJECTS\HISTORICALDOCUMENTSANALYSIS\DOCUMENTSANALYSISGUI\DEBUG\HDAMAINFRAME.OBJ
C:\Users\Vadi\Documents\Visual Studio 2010\Projects\HistoricalDocumentsAnalysis\DocumentsAnalysisGUI\Debug\link.command.1.tlog
C:\Users\Vadi\Documents\Visual Studio 2010\Projects\HistoricalDocumentsAnalysis\DocumentsAnalysisGUI\Debug\link.read.1.tlog
C:\Users\Vadi\Documents\Visual Studio 2010\Projects\HistoricalDocumentsAnalysis\DocumentsAnalysisGUI\Debug\link.read.2.tlog
C:\Users\Vadi\Documents\Visual Studio 2010\Projects\HistoricalDocumentsAnalysis\DocumentsAnalysisGUI\Debug\link.write.1.tlog
C:\USERS\VADI\DOCUMENTS\VISUAL STUDIO 2010\PROJECTS\HISTORICALDOCUMENTSANALYSIS\DOCUMENTSANALYSISGUI\DEBUG\MAIN.OBJ
C:\USERS\VADI\DOCUMENTS\VISUAL STUDIO 2010\PROJECTS\HISTORICALDOCUMENTSANALYSIS\DOCUMENTSANALYSISGUI\DEBUG\MOC_HDAMAINFRAME.OBJ
C:\Users\Vadi\Documents\Visual Studio 2010\Projects\HistoricalDocumentsAnalysis\DocumentsAnalysisGUI\Debug\mt.command.1.tlog
C:\Users\Vadi\Documents\Visual Studio 2010\Projects\HistoricalDocumentsAnalysis\DocumentsAnalysisGUI\Debug\mt.read.1.tlog
C:\Users\Vadi\Documents\Visual Studio 2010\Projects\HistoricalDocumentsAnalysis\DocumentsAnalysisGUI\Debug\mt.write.1.tlog
C:\USERS\VADI\DOCUMENTS\VISUAL STUDIO 2010\PROJECTS\HISTORICALDOCUMENTSANALYSIS\DOCUMENTSANALYSISGUI\DEBUG\QRC_HDAMAINFRAME.OBJ
C:\USERS\VADI\DOCUMENTS\VISUAL STUDIO 2010\PROJECTS\HISTORICALDOCUMENTSANALYSIS\DOCUMENTSANALYSISGUI\DEBUG\VC100.PDB
C:\USERS\VADI\DOCUMENTS\VISUAL STUDIO 2010\PROJECTS\HISTORICALDOCUMENTSANALYSIS\DOCUMENTSANALYSISGUI\GENERATEDFILES\DEBUG\MOC_HDAMAINFRAME.CPP
C:\USERS\VADI\DOCUMENTS\VISUAL STUDIO 2010\PROJECTS\HISTORICALDOCUMENTSANALYSIS\DOCUMENTSANALYSISGUI\GENERATEDFILES\QRC_HDAMAINFRAME.CPP
C:\USERS\VADI\DOCUMENTS\VISUAL STUDIO 2010\PROJECTS\HISTORICALDOCUMENTSANALYSIS\DOCUMENTSANALYSISGUI\GENERATEDFILES\UI_HDAMAINFRAME.H
